[0m01:31:27.523534 [debug] [MainThread]: Sending event: {'category': 'dbt', 'action': 'invocation', 'label': 'start', 'context': [<snowplow_tracker.self_describing_json.SelfDescribingJson object at 0x103743fa0>, <snowplow_tracker.self_describing_json.SelfDescribingJson object at 0x104795220>, <snowplow_tracker.self_describing_json.SelfDescribingJson object at 0x104795550>]}


============================== 01:31:27.526537 | ac1c869d-7679-48a3-95ca-18c82a660a97 ==============================
[0m01:31:27.526537 [info ] [MainThread]: Running with dbt=1.10.22
[0m01:31:27.526917 [debug] [MainThread]: running dbt with arguments {'log_format': 'default', 'log_path': 'logs', 'introspect': 'True', 'static_parser': 'True', 'no_print': 'None', 'indirect_selection': 'eager', 'version_check': 'True', 'quiet': 'False', 'partial_parse': 'True', 'empty': 'None', 'use_colors': 'True', 'write_json': 'True', 'cache_selected_only': 'False', 'target_path': 'None', 'use_experimental_parser': 'False', 'send_anonymous_usage_stats': 'True', 'warn_error': 'None', 'printer_width': '80', 'debug': 'False', 'invocation_command': 'dbt init ubereats --skip-profile-setup', 'log_cache_events': 'False', 'profiles_dir': '/Users/svana/.dbt', 'warn_error_options': 'WarnErrorOptionsV2(error=[], warn=[], silence=[])', 'fail_fast': 'False'}
[0m01:31:27.538086 [info ] [MainThread]: Creating dbt configuration folder at /Users/svana/.dbt
[0m01:31:27.541238 [debug] [MainThread]: Starter project path: /Users/svana/ubereats-promo-analysis/.venv/lib/python3.9/site-packages/dbt/include/starter_project
[0m01:31:27.545601 [info ] [MainThread]: 
Your new dbt project "ubereats" was created!

For more information on how to configure the profiles.yml file,
please consult the dbt documentation here:

  https://docs.getdbt.com/docs/configure-your-profile

One more thing:

Need help? Don't hesitate to reach out to us via GitHub issues or on Slack:

  https://community.getdbt.com/

Happy modeling!

[0m01:31:27.547768 [debug] [MainThread]: Resource report: {"command_name": "init", "command_success": true, "command_wall_clock_time": 0.08055992, "process_in_blocks": "0", "process_kernel_time": 0.192589, "process_mem_max_rss": "103235584", "process_out_blocks": "0", "process_user_time": 0.971629}
[0m01:31:27.548066 [debug] [MainThread]: Command `dbt init` succeeded at 01:31:27.548003 after 0.08 seconds
[0m01:31:27.548300 [debug] [MainThread]: Sending event: {'category': 'dbt', 'action': 'invocation', 'label': 'end', 'context': [<snowplow_tracker.self_describing_json.SelfDescribingJson object at 0x103743fa0>, <snowplow_tracker.self_describing_json.SelfDescribingJson object at 0x104795d30>, <snowplow_tracker.self_describing_json.SelfDescribingJson object at 0x104858f70>]}
[0m01:31:27.548539 [debug] [MainThread]: Flushing usage events
[0m01:31:28.629167 [debug] [MainThread]: An error was encountered while trying to flush usage events
